In file included from ./string_map.h:105:0,
                 from ../../../../../../taller4/string_map_tests.cpp:2:
./string_map.hpp: In instantiation of ‘string_map<T>::~string_map() [with T = int]’:
../../../../../../taller4/string_map_tests.cpp:5:21:   required from here
./string_map.hpp:72:18: warning: comparison between signed and unsigned integer expressions [-Wsign-compare]
         while (i < raiz->siguientes.size()) {
./string_map.hpp: In instantiation of ‘int string_map<T>::count(const string&) const [with T = int; std::__cxx11::string = std::__cxx11::basic_string<char>]’:
../../../../../../taller4/string_map_tests.cpp:8:5:   required from here
./string_map.hpp:120:39: warning: comparison between signed and unsigned integer expressions [-Wsign-compare]
         while (actual != nullptr && i < clave.size()) {
                                     ~~^~~~~~~~~~~~~~
./string_map.hpp:126:52: warning: comparison between signed and unsigned integer expressions [-Wsign-compare]
             if (actual->definicion != nullptr && i == clave.size()) {
                                                  ~~^~~~~~~~~~~~~~~
./string_map.hpp: In instantiation of ‘void string_map<T>::insert(const std::pair<std::__cxx11::basic_string<char>, T>&) [with T = int]’:
../../../../../../taller4/string_map_tests.cpp:13:42:   required from here
./string_map.hpp:47:14: warning: comparison between signed and unsigned integer expressions [-Wsign-compare]
     while (i < value_type.first.size()) {
./string_map.hpp:58:11: warning: comparison between signed and unsigned integer expressions [-Wsign-compare]
     if (i == value_type.first.size()) {
./string_map.hpp: In instantiation of ‘T& string_map<T>::at(const string&) [with T = int; std::__cxx11::string = std::__cxx11::basic_string<char>]’:
../../../../../../taller4/string_map_tests.cpp:15:5:   required from here
./string_map.hpp:153:14: warning: comparison between signed and unsigned integer expressions [-Wsign-compare]
     while (i < clave.size()) {
            ~~^~~~~~~~~~~~~~
./string_map.hpp: In instantiation of ‘string_map<T>::~string_map() [with T = string_map<int>]’:
../../../../../../taller4/string_map_tests.cpp:141:33:   required from here
./string_map.hpp:72:18: warning: comparison between signed and unsigned integer expressions [-Wsign-compare]
         while (i < raiz->siguientes.size()) {
./string_map.hpp: In instantiation of ‘void string_map<T>::insert(const std::pair<std::__cxx11::basic_string<char>, T>&) [with T = string_map<int>]’:
../../../../../../taller4/string_map_tests.cpp:153:48:   required from here
./string_map.hpp:47:14: warning: comparison between signed and unsigned integer expressions [-Wsign-compare]
     while (i < value_type.first.size()) {
./string_map.hpp:58:11: warning: comparison between signed and unsigned integer expressions [-Wsign-compare]
     if (i == value_type.first.size()) {
./string_map.hpp: In instantiation of ‘T& string_map<T>::at(const string&) [with T = string_map<int>; std::__cxx11::string = std::__cxx11::basic_string<char>]’:
../../../../../../taller4/string_map_tests.cpp:158:2:   required from here
./string_map.hpp:153:14: warning: comparison between signed and unsigned integer expressions [-Wsign-compare]
     while (i < clave.size()) {
            ~~^~~~~~~~~~~~~~
./string_map.hpp: In instantiation of ‘void string_map<T>::eliminarNodo(string_map<T>::Nodo*&) [with T = int]’:
./string_map.hpp:74:29:   required from ‘string_map<T>::~string_map() [with T = int]’
../../../../../../taller4/string_map_tests.cpp:5:21:   required from here
./string_map.hpp:92:18: warning: comparison between signed and unsigned integer expressions [-Wsign-compare]
         while (i < n->siguientes.size()) {
./string_map.hpp: In instantiation of ‘string_map<T>& string_map<T>::operator=(const string_map<T>&) [with T = int]’:
./string_map.hpp:6:32:   required from ‘string_map<T>::string_map(const string_map<T>&) [with T = int]’
../../../../../../taller4/string_map_tests.cpp:98:39:   required from here
./string_map.hpp:15:1: warning: no return statement in function returning non-void [-Wreturn-type]
 }
 ^
./string_map.hpp: In instantiation of ‘void string_map<T>::eliminarNodo(string_map<T>::Nodo*&) [with T = string_map<int>]’:
./string_map.hpp:74:29:   required from ‘string_map<T>::~string_map() [with T = string_map<int>]’
../../../../../../taller4/string_map_tests.cpp:141:33:   required from here
./string_map.hpp:92:18: warning: comparison between signed and unsigned integer expressions [-Wsign-compare]
         while (i < n->siguientes.size()) {
./string_map.hpp: In instantiation of ‘void string_map<T>::eraseAux(string_map<T>::Nodo*, std::__cxx11::string, int) [with T = int; std::__cxx11::string = std::__cxx11::basic_string<char>]’:
./string_map.hpp:163:13:   required from ‘void string_map<T>::erase(const string&) [with T = int; std::__cxx11::string = std::__cxx11::basic_string<char>]’
../../../../../../taller4/string_map_tests.cpp:178:27:   required from here
./string_map.hpp:173:14: warning: comparison between signed and unsigned integer expressions [-Wsign-compare]
     while (i < clave.size()) {
            ~~^~~~~~~~~~~~~~
./string_map.hpp:174:31: warning: suggest parentheses around ‘&&’ within ‘||’ [-Wparentheses]
         if (actual != nullptr && actual->definicion != nullptr || tieneHijos(actual)) {
             ~~~~~~~~~~~~~~~~~~^~~~~~~~~~~~~~~~~~~~~~~~~~~~~~~~
./string_map.hpp:189:18: warning: comparison between signed and unsigned integer expressions [-Wsign-compare]
         while (i < ultNodoUtil->siguientes.size()) {
./string_map.hpp: In instantiation of ‘void string_map<T>::agregarNodo(string_map<T>::Nodo*&, string_map<T>::Nodo*) [with T = int]’:
./string_map.hpp:12:20:   required from ‘string_map<T>& string_map<T>::operator=(const string_map<T>&) [with T = int]’
./string_map.hpp:6:32:   required from ‘string_map<T>::string_map(const string_map<T>&) [with T = int]’
../../../../../../taller4/string_map_tests.cpp:98:39:   required from here
./string_map.hpp:30:14: warning: comparison between signed and unsigned integer expressions [-Wsign-compare]
     while (i < copia->siguientes.size()) {
./string_map.hpp: In instantiation of ‘bool string_map<T>::tieneHijos(string_map<T>::Nodo*) [with T = int]’:
./string_map.hpp:174:77:   required from ‘void string_map<T>::eraseAux(string_map<T>::Nodo*, std::__cxx11::string, int) [with T = int; std::__cxx11::string = std::__cxx11::basic_string<char>]’
./string_map.hpp:163:13:   required from ‘void string_map<T>::erase(const string&) [with T = int; std::__cxx11::string = std::__cxx11::basic_string<char>]’
../../../../../../taller4/string_map_tests.cpp:178:27:   required from here
./string_map.hpp:202:14: warning: comparison between signed and unsigned integer expressions [-Wsign-compare]
     while (i < n->siguientes.size()) {
